# JRE version: OpenJDK Runtime Environment (8.0_152-b01) (build 1.8.0_152-release-1343-b01)
# Java VM: OpenJDK 64-Bit Server VM (25.152-b01 mixed mode windows-amd64 compressed oops)
Heap:
 PSYoungGen      total 346624K, used 114788K [0x00000000e0000000, 0x00000000fd000000, 0x0000000100000000)
  eden space 273920K, 15% used [0x00000000e0000000,0x00000000e291cc88,0x00000000f0b80000)
  from space 72704K, 99% used [0x00000000f0b80000,0x00000000f527c6d8,0x00000000f5280000)
  to   space 88064K, 0% used [0x00000000f7a00000,0x00000000f7a00000,0x00000000fd000000)
 ParOldGen       total 261632K, used 126935K [0x00000000a0000000, 0x00000000aff80000, 0x00000000e0000000)
  object space 261632K, 48% used [0x00000000a0000000,0x00000000a7bf5e70,0x00000000aff80000)
 Metaspace       used 92534K, capacity 97536K, committed 97816K, reserved 1134592K
  class space    used 11837K, capacity 12743K, committed 12840K, reserved 1048576K
GC Heap History (10 events):
Event: 82.474 GC heap before
{Heap before GC invocations=21 (full 4):
 PSYoungGen      total 279040K, used 226304K [0x00000000e0000000, 0x00000000f9800000, 0x0000000100000000)
  eden space 226304K, 100% used [0x00000000e0000000,0x00000000edd00000,0x00000000edd00000)
  from space 52736K, 0% used [0x00000000f2a00000,0x00000000f2a00000,0x00000000f5d80000)
  to   space 78848K, 0% used [0x00000000edd00000,0x00000000edd00000,0x00000000f2a00000)
 ParOldGen       total 261632K, used 116216K [0x00000000a0000000, 0x00000000aff80000, 0x00000000e0000000)
  object space 261632K, 44% used [0x00000000a0000000,0x00000000a717e3b8,0x00000000aff80000)
 Metaspace       used 77706K, capacity 80186K, committed 80408K, reserved 1120256K
  class space    used 9881K, capacity 10442K, committed 10536K, reserved 1048576K
Event: 82.495 GC heap after
Heap after GC invocations=21 (full 4):
 PSYoungGen      total 305152K, used 17400K [0x00000000e0000000, 0x00000000f8a00000, 0x0000000100000000)
  eden space 226304K, 0% used [0x00000000e0000000,0x00000000e0000000,0x00000000edd00000)
  from space 78848K, 22% used [0x00000000edd00000,0x00000000eedfe1b8,0x00000000f2a00000)
  to   space 75264K, 0% used [0x00000000f4080000,0x00000000f4080000,0x00000000f8a00000)
 ParOldGen       total 261632K, used 116224K [0x00000000a0000000, 0x00000000aff80000, 0x00000000e0000000)
  object space 261632K, 44% used [0x00000000a0000000,0x00000000a71803b8,0x00000000aff80000)
 Metaspace       used 77706K, capacity 80186K, committed 80408K, reserved 1120256K
  class space    used 9881K, capacity 10442K, committed 10536K, reserved 1048576K
}
Event: 86.175 GC heap before
{Heap before GC invocations=22 (full 4):
 PSYoungGen      total 305152K, used 243704K [0x00000000e0000000, 0x00000000f8a00000, 0x0000000100000000)
  eden space 226304K, 100% used [0x00000000e0000000,0x00000000edd00000,0x00000000edd00000)
  from space 78848K, 22% used [0x00000000edd00000,0x00000000eedfe1b8,0x00000000f2a00000)
  to   space 75264K, 0% used [0x00000000f4080000,0x00000000f4080000,0x00000000f8a00000)
 ParOldGen       total 261632K, used 116224K [0x00000000a0000000, 0x00000000aff80000, 0x00000000e0000000)
  object space 261632K, 44% used [0x00000000a0000000,0x00000000a71803b8,0x00000000aff80000)
 Metaspace       used 87723K, capacity 92342K, committed 92568K, reserved 1130496K
  class space    used 11272K, capacity 12132K, committed 12200K, reserved 1048576K
Event: 86.199 GC heap after
Heap after GC invocations=22 (full 4):
 PSYoungGen      total 317952K, used 29408K [0x00000000e0000000, 0x00000000f8180000, 0x0000000100000000)
  eden space 251392K, 0% used [0x00000000e0000000,0x00000000e0000000,0x00000000ef580000)
  from space 66560K, 44% used [0x00000000f4080000,0x00000000f5d383b8,0x00000000f8180000)
  to   space 71680K, 0% used [0x00000000ef580000,0x00000000ef580000,0x00000000f3b80000)
 ParOldGen       total 261632K, used 116232K [0x00000000a0000000, 0x00000000aff80000, 0x00000000e0000000)
  object space 261632K, 44% used [0x00000000a0000000,0x00000000a71823b8,0x00000000aff80000)
 Metaspace       used 87723K, capacity 92342K, committed 92568K, reserved 1130496K
  class space    used 11272K, capacity 12132K, committed 12200K, reserved 1048576K
}
Event: 89.191 GC heap before
{Heap before GC invocations=23 (full 4):
 PSYoungGen      total 317952K, used 280784K [0x00000000e0000000, 0x00000000f8180000, 0x0000000100000000)
  eden space 251392K, 99% used [0x00000000e0000000,0x00000000ef57be30,0x00000000ef580000)
  from space 66560K, 44% used [0x00000000f4080000,0x00000000f5d383b8,0x00000000f8180000)
  to   space 71680K, 0% used [0x00000000ef580000,0x00000000ef580000,0x00000000f3b80000)
 ParOldGen       total 261632K, used 116232K [0x00000000a0000000, 0x00000000aff80000, 0x00000000e0000000)
  object space 261632K, 44% used [0x00000000a0000000,0x00000000a71823b8,0x00000000aff80000)
 Metaspace       used 89248K, capacity 93942K, committed 94232K, reserved 1130496K
  class space    used 11400K, capacity 12258K, committed 12328K, reserved 1048576K
Event: 89.221 GC heap after
Heap after GC invocations=23 (full 4):
 PSYoungGen      total 323072K, used 28449K [0x00000000e0000000, 0x00000000f9480000, 0x0000000100000000)
  eden space 251392K, 0% used [0x00000000e0000000,0x00000000e0000000,0x00000000ef580000)
  from space 71680K, 39% used [0x00000000ef580000,0x00000000f1148550,0x00000000f3b80000)
  to   space 67584K, 0% used [0x00000000f5280000,0x00000000f5280000,0x00000000f9480000)
 ParOldGen       total 261632K, used 116240K [0x00000000a0000000, 0x00000000aff80000, 0x00000000e0000000)
  object space 261632K, 44% used [0x00000000a0000000,0x00000000a71843b8,0x00000000aff80000)
 Metaspace       used 89248K, capacity 93942K, committed 94232K, reserved 1130496K
  class space    used 11400K, capacity 12258K, committed 12328K, reserved 1048576K
}
Event: 273.911 GC heap before
{Heap before GC invocations=24 (full 4):
 PSYoungGen      total 323072K, used 278472K [0x00000000e0000000, 0x00000000f9480000, 0x0000000100000000)
  eden space 251392K, 99% used [0x00000000e0000000,0x00000000ef429c40,0x00000000ef580000)
  from space 71680K, 39% used [0x00000000ef580000,0x00000000f1148550,0x00000000f3b80000)
  to   space 67584K, 0% used [0x00000000f5280000,0x00000000f5280000,0x00000000f9480000)
 ParOldGen       total 261632K, used 116240K [0x00000000a0000000, 0x00000000aff80000, 0x00000000e0000000)
  object space 261632K, 44% used [0x00000000a0000000,0x00000000a71843b8,0x00000000aff80000)
 Metaspace       used 92086K, capacity 97164K, committed 97176K, reserved 1134592K
  class space    used 11806K, capacity 12703K, committed 12712K, reserved 1048576K
Event: 273.954 GC heap after
Heap after GC invocations=24 (full 4):
 PSYoungGen      total 341504K, used 51936K [0x00000000e0000000, 0x00000000f9980000, 0x0000000100000000)
  eden space 273920K, 0% used [0x00000000e0000000,0x00000000e0000000,0x00000000f0b80000)
  from space 67584K, 76% used [0x00000000f5280000,0x00000000f8538298,0x00000000f9480000)
  to   space 72704K, 0% used [0x00000000f0b80000,0x00000000f0b80000,0x00000000f5280000)
 ParOldGen       total 261632K, used 116248K [0x00000000a0000000, 0x00000000aff80000, 0x00000000e0000000)
  object space 261632K, 44% used [0x00000000a0000000,0x00000000a71863b8,0x00000000aff80000)
 Metaspace       used 92086K, capacity 97164K, committed 97176K, reserved 1134592K
  class space    used 11806K, capacity 12703K, committed 12712K, reserved 1048576K
}
Event: 281.274 GC heap before
{Heap before GC invocations=25 (full 4):
 PSYoungGen      total 341504K, used 325856K [0x00000000e0000000, 0x00000000f9980000, 0x0000000100000000)
  eden space 273920K, 100% used [0x00000000e0000000,0x00000000f0b80000,0x00000000f0b80000)
  from space 67584K, 76% used [0x00000000f5280000,0x00000000f8538298,0x00000000f9480000)
  to   space 72704K, 0% used [0x00000000f0b80000,0x00000000f0b80000,0x00000000f5280000)
 ParOldGen       total 261632K, used 116248K [0x00000000a0000000, 0x00000000aff80000, 0x00000000e0000000)
  object space 261632K, 44% used [0x00000000a0000000,0x00000000a71863b8,0x00000000aff80000)
 Metaspace       used 92500K, capacity 97536K, committed 97816K, reserved 1134592K
  class space    used 11837K, capacity 12743K, committed 12840K, reserved 1048576K
Event: 281.330 GC heap after
Heap after GC invocations=25 (full 4):
 PSYoungGen      total 346624K, used 72689K [0x00000000e0000000, 0x00000000fd000000, 0x0000000100000000)
  eden space 273920K, 0% used [0x00000000e0000000,0x00000000e0000000,0x00000000f0b80000)
  from space 72704K, 99% used [0x00000000f0b80000,0x00000000f527c6d8,0x00000000f5280000)
  to   space 88064K, 0% used [0x00000000f7a00000,0x00000000f7a00000,0x00000000fd000000)
 ParOldGen       total 261632K, used 126935K [0x00000000a0000000, 0x00000000aff80000, 0x00000000e0000000)
  object space 261632K, 48% used [0x00000000a0000000,0x00000000a7bf5e70,0x00000000aff80000)
 Metaspace       used 92500K, capacity 97536K, committed 97816K, reserved 1134592K
  class space    used 11837K, capacity 12743K, committed 12840K, reserved 1048576K
}

